<?xml version="1.0" encoding="UTF-8"?>
<!-- Generated by org.testng.reporters.JUnitXMLReporter -->
<testsuite ignored="0" hostname="bastion-windows" failures="1" tests="1" name="Confirmation" time="39.09" errors="0" timestamp="2022-12-12T10:48:06 UTC">
  <testcase classname="tests.FinalTestConfirmation" name="confirmation" time="30.348">
    <failure type="org.openqa.selenium.ElementClickInterceptedException" message="element click intercepted: Element &amp;lt;i class=&amp;quot;GridFooter---paging_control GridFooter---fa-angle-right-svg&amp;quot;&amp;gt;&amp;lt;/i&amp;gt; is not clickable at point (1706, 780). Other element would receive the click: &amp;lt;button class=&amp;quot;SiteXrayButton---xrayButton SiteXrayButton---toggle_off SiteXrayButton---showIconNav&amp;quot; aria-pressed=&amp;quot;false&amp;quot;&amp;gt;...&amp;lt;/button&amp;gt;
  (Session info: chrome=107.0.5304.107)
Build info: version: &amp;apos;4.5.3&amp;apos;, revision: &amp;apos;4b786a1e430&amp;apos;
System info: os.name: &amp;apos;Windows Server 2019&amp;apos;, os.arch: &amp;apos;amd64&amp;apos;, os.version: &amp;apos;10.0&amp;apos;, java.version: &amp;apos;17.0.4.1&amp;apos;
Driver info: org.openqa.selenium.chrome.ChromeDriver
Command: [46449810a942452bd32a095e70169f56, clickElement {id=52d3c920-7978-4082-975b-16d002ab1e6f}]
Capabilities {acceptInsecureCerts: true, browserName: chrome, browserVersion: 107.0.5304.107, chrome: {chromedriverVersion: 107.0.5304.62 (1eec40d3a576..., userDataDir: C:\Users\ARJIT~1.YAD\AppDat...}, goog:chromeOptions: {debuggerAddress: localhost:59264}, networkConnectionEnabled: false, pageLoadStrategy: normal, platformName: WINDOWS, proxy: Proxy(), se:cdp: ws://localhost:59264/devtoo..., se:cdpVersion: 107.0.5304.107, setWindowRect: true, strictFileInteractability: false, timeouts: {implicit: 0, pageLoad: 300000, script: 30000}, unhandledPromptBehavior: dismiss and notify, webauthn:extension:credBlob: true, webauthn:extension:largeBlob: true, webauthn:virtualAuthenticators: true}
Element: [[ChromeDriver: chrome on WINDOWS (46449810a942452bd32a095e70169f56)] -&amp;gt; xpath: //a[@aria-label=&amp;apos;Next page&amp;apos;]/i]
Session ID: 46449810a942452bd32a095e70169f56">
      <![CDATA[org.openqa.selenium.ElementClickInterceptedException: element click intercepted: Element <i class="GridFooter---paging_control GridFooter---fa-angle-right-svg"></i> is not clickable at point (1706, 780). Other element would receive the click: <button class="SiteXrayButton---xrayButton SiteXrayButton---toggle_off SiteXrayButton---showIconNav" aria-pressed="false">...</button>
  (Session info: chrome=107.0.5304.107)
Build info: version: '4.5.3', revision: '4b786a1e430'
System info: os.name: 'Windows Server 2019', os.arch: 'amd64', os.version: '10.0', java.version: '17.0.4.1'
Driver info: org.openqa.selenium.chrome.ChromeDriver
Command: [46449810a942452bd32a095e70169f56, clickElement {id=52d3c920-7978-4082-975b-16d002ab1e6f}]
Capabilities {acceptInsecureCerts: true, browserName: chrome, browserVersion: 107.0.5304.107, chrome: {chromedriverVersion: 107.0.5304.62 (1eec40d3a576..., userDataDir: C:\Users\ARJIT~1.YAD\AppDat...}, goog:chromeOptions: {debuggerAddress: localhost:59264}, networkConnectionEnabled: false, pageLoadStrategy: normal, platformName: WINDOWS, proxy: Proxy(), se:cdp: ws://localhost:59264/devtoo..., se:cdpVersion: 107.0.5304.107, setWindowRect: true, strictFileInteractability: false, timeouts: {implicit: 0, pageLoad: 300000, script: 30000}, unhandledPromptBehavior: dismiss and notify, webauthn:extension:credBlob: true, webauthn:extension:largeBlob: true, webauthn:virtualAuthenticators: true}
Element: [[ChromeDriver: chrome on WINDOWS (46449810a942452bd32a095e70169f56)] -> xpath: //a[@aria-label='Next page']/i]
Session ID: 46449810a942452bd32a095e70169f56
at org.openqa.selenium.remote.codec.w3c.W3CHttpResponseCodec.createException(W3CHttpResponseCodec.java:200)
at org.openqa.selenium.remote.codec.w3c.W3CHttpResponseCodec.decode(W3CHttpResponseCodec.java:133)
at org.openqa.selenium.remote.codec.w3c.W3CHttpResponseCodec.decode(W3CHttpResponseCodec.java:53)
at org.openqa.selenium.remote.HttpCommandExecutor.execute(HttpCommandExecutor.java:184)
at org.openqa.selenium.remote.service.DriverCommandExecutor.invokeExecute(DriverCommandExecutor.java:167)
at org.openqa.selenium.remote.service.DriverCommandExecutor.execute(DriverCommandExecutor.java:142)
at org.openqa.selenium.remote.RemoteWebDriver.execute(RemoteWebDriver.java:541)
at org.openqa.selenium.remote.RemoteWebElement.execute(RemoteWebElement.java:257)
at org.openqa.selenium.remote.RemoteWebElement.click(RemoteWebElement.java:78)
at tests.FinalTestConfirmation.confirmation(FinalTestConfirmation.java:92)
at java.base/java.util.ArrayList.forEach(ArrayList.java:1511)
... Removed 32 stack frames]]>
    </failure>
  </testcase> <!-- confirmation -->
</testsuite> <!-- Confirmation -->
