<?xml version="1.0" encoding="UTF-8"?>
<testng-results ignored="0" total="3" passed="2" failed="1" skipped="0">
  <reporter-output>
  </reporter-output>
  <suite started-at="2022-12-16T06:43:08 UTC" name="Suite" finished-at="2022-12-16T06:47:01 UTC" duration-ms="232260">
    <groups>
    </groups>
    <test started-at="2022-12-16T06:43:08 UTC" name="RDIF Creation" finished-at="2022-12-16T06:44:15 UTC" duration-ms="66861">
      <class name="tests.RDIFCreationTest">
        <test-method is-config="true" signature="setUp()[pri:0, instance:tests.RDIFCreationTest@4b741d6d]" started-at="2022-12-16T06:43:08 UTC" name="setUp" finished-at="2022-12-16T06:43:18 UTC" duration-ms="10095" status="PASS">
          <reporter-output>
          </reporter-output>
        </test-method> <!-- setUp -->
        <test-method is-config="true" signature="beforeTest()[pri:0, instance:tests.RDIFCreationTest@4b741d6d]" started-at="2022-12-16T06:43:19 UTC" name="beforeTest" finished-at="2022-12-16T06:43:19 UTC" duration-ms="93" status="PASS">
          <reporter-output>
          </reporter-output>
        </test-method> <!-- beforeTest -->
        <test-method signature="createProjectRDIF()[pri:0, instance:tests.RDIFCreationTest@4b741d6d]" started-at="2022-12-16T06:43:19 UTC" name="createProjectRDIF" finished-at="2022-12-16T06:44:15 UTC" duration-ms="56332" status="PASS">
          <reporter-output>
          </reporter-output>
        </test-method> <!-- createProjectRDIF -->
        <test-method is-config="true" signature="getResult(org.testng.ITestResult)[pri:0, instance:tests.RDIFCreationTest@4b741d6d]" started-at="2022-12-16T06:44:15 UTC" name="getResult" finished-at="2022-12-16T06:44:15 UTC" duration-ms="262" status="PASS">
          <params>
            <param index="0">
              <value>
                <![CDATA[[TestResult name=createProjectRDIF status=SUCCESS method=RDIFCreationTest.createProjectRDIF()[pri:0, instance:tests.RDIFCreationTest@4b741d6d] output={null}]]]>
              </value>
            </param>
          </params>
          <reporter-output>
          </reporter-output>
        </test-method> <!-- getResult -->
      </class> <!-- tests.RDIFCreationTest -->
    </test> <!-- RDIF Creation -->
    <test started-at="2022-12-16T06:44:15 UTC" name="Review RDIF" finished-at="2022-12-16T06:45:36 UTC" duration-ms="80452">
      <class name="tests.ReviewRDIF">
        <test-method is-config="true" signature="setUp()[pri:0, instance:tests.ReviewRDIF@909217e]" started-at="2022-12-16T06:44:15 UTC" name="setUp" finished-at="2022-12-16T06:44:22 UTC" duration-ms="6941" status="PASS">
          <reporter-output>
          </reporter-output>
        </test-method> <!-- setUp -->
        <test-method is-config="true" signature="beforeTest()[pri:0, instance:tests.ReviewRDIF@909217e]" started-at="2022-12-16T06:44:22 UTC" name="beforeTest" finished-at="2022-12-16T06:44:22 UTC" duration-ms="3" status="PASS">
          <reporter-output>
          </reporter-output>
        </test-method> <!-- beforeTest -->
        <test-method signature="taskReviewRDIF()[pri:0, instance:tests.ReviewRDIF@909217e]" started-at="2022-12-16T06:44:22 UTC" name="taskReviewRDIF" finished-at="2022-12-16T06:45:35 UTC" duration-ms="73197" status="FAIL">
          <exception class="org.openqa.selenium.NoSuchElementException">
            <message>
              <![CDATA[no such element: Unable to locate element: {"method":"xpath","selector":"//div[text()='Please Select Deliverables']"}
  (Session info: headless chrome=107.0.5304.107)
For documentation on this error, please visit: https://selenium.dev/exceptions/#no_such_element
Build info: version: '4.5.3', revision: '4b786a1e430'
System info: os.name: 'Windows Server 2019', os.arch: 'amd64', os.version: '10.0', java.version: '17.0.4.1'
Driver info: org.openqa.selenium.chrome.ChromeDriver
Command: [6b56f7c21b6df25df0bf13630f792717, findElement {using=xpath, value=//div[text()='Please Select Deliverables']}]
Capabilities {acceptInsecureCerts: true, browserName: chrome, browserVersion: 107.0.5304.107, chrome: {chromedriverVersion: 107.0.5304.62 (1eec40d3a576..., userDataDir: C:\Users\ARJIT~1.YAD\AppDat...}, goog:chromeOptions: {debuggerAddress: localhost:55997}, networkConnectionEnabled: false, pageLoadStrategy: normal, platformName: WINDOWS, proxy: Proxy(), se:cdp: ws://localhost:55997/devtoo..., se:cdpVersion: 107.0.5304.107, setWindowRect: true, strictFileInteractability: false, timeouts: {implicit: 0, pageLoad: 300000, script: 30000}, unhandledPromptBehavior: dismiss and notify, webauthn:extension:credBlob: true, webauthn:extension:largeBlob: true, webauthn:virtualAuthenticators: true}
Session ID: 6b56f7c21b6df25df0bf13630f792717]]>
            </message>
            <full-stacktrace>
              <![CDATA[org.openqa.selenium.NoSuchElementException: no such element: Unable to locate element: {"method":"xpath","selector":"//div[text()='Please Select Deliverables']"}
  (Session info: headless chrome=107.0.5304.107)
For documentation on this error, please visit: https://selenium.dev/exceptions/#no_such_element
Build info: version: '4.5.3', revision: '4b786a1e430'
System info: os.name: 'Windows Server 2019', os.arch: 'amd64', os.version: '10.0', java.version: '17.0.4.1'
Driver info: org.openqa.selenium.chrome.ChromeDriver
Command: [6b56f7c21b6df25df0bf13630f792717, findElement {using=xpath, value=//div[text()='Please Select Deliverables']}]
Capabilities {acceptInsecureCerts: true, browserName: chrome, browserVersion: 107.0.5304.107, chrome: {chromedriverVersion: 107.0.5304.62 (1eec40d3a576..., userDataDir: C:\Users\ARJIT~1.YAD\AppDat...}, goog:chromeOptions: {debuggerAddress: localhost:55997}, networkConnectionEnabled: false, pageLoadStrategy: normal, platformName: WINDOWS, proxy: Proxy(), se:cdp: ws://localhost:55997/devtoo..., se:cdpVersion: 107.0.5304.107, setWindowRect: true, strictFileInteractability: false, timeouts: {implicit: 0, pageLoad: 300000, script: 30000}, unhandledPromptBehavior: dismiss and notify, webauthn:extension:credBlob: true, webauthn:extension:largeBlob: true, webauthn:virtualAuthenticators: true}
Session ID: 6b56f7c21b6df25df0bf13630f792717
at jdk.internal.reflect.GeneratedConstructorAccessor16.newInstance(Unknown Source)
at java.base/jdk.internal.reflect.DelegatingConstructorAccessorImpl.newInstance(DelegatingConstructorAccessorImpl.java:45)
at java.base/java.lang.reflect.Constructor.newInstanceWithCaller(Constructor.java:499)
at java.base/java.lang.reflect.Constructor.newInstance(Constructor.java:480)
at org.openqa.selenium.remote.codec.w3c.W3CHttpResponseCodec.createException(W3CHttpResponseCodec.java:200)
at org.openqa.selenium.remote.codec.w3c.W3CHttpResponseCodec.decode(W3CHttpResponseCodec.java:133)
at org.openqa.selenium.remote.codec.w3c.W3CHttpResponseCodec.decode(W3CHttpResponseCodec.java:53)
at org.openqa.selenium.remote.HttpCommandExecutor.execute(HttpCommandExecutor.java:184)
at org.openqa.selenium.remote.service.DriverCommandExecutor.invokeExecute(DriverCommandExecutor.java:167)
at org.openqa.selenium.remote.service.DriverCommandExecutor.execute(DriverCommandExecutor.java:142)
at org.openqa.selenium.remote.RemoteWebDriver.execute(RemoteWebDriver.java:541)
at org.openqa.selenium.remote.ElementLocation$ElementFinder$2.findElement(ElementLocation.java:162)
at org.openqa.selenium.remote.ElementLocation.findElement(ElementLocation.java:60)
at org.openqa.selenium.remote.RemoteWebDriver.findElement(RemoteWebDriver.java:365)
at org.openqa.selenium.remote.RemoteWebDriver.findElement(RemoteWebDriver.java:357)
at org.openqa.selenium.support.pagefactory.DefaultElementLocator.findElement(DefaultElementLocator.java:70)
at org.openqa.selenium.support.pagefactory.internal.LocatingElementHandler.invoke(LocatingElementHandler.java:39)
at jdk.proxy2/jdk.proxy2.$Proxy20.click(Unknown Source)
at pageFactory.CreateRDIFPageElements.setAssignmentTimeframe(CreateRDIFPageElements.java:355)
at tests.ReviewRDIF.taskReviewRDIF(ReviewRDIF.java:125)
at java.base/jdk.internal.reflect.NativeMethodAccessorImpl.invoke0(Native Method)
at java.base/jdk.internal.reflect.NativeMethodAccessorImpl.invoke(NativeMethodAccessorImpl.java:77)
at java.base/jdk.internal.reflect.DelegatingMethodAccessorImpl.invoke(DelegatingMethodAccessorImpl.java:43)
at java.base/java.lang.reflect.Method.invoke(Method.java:568)
at org.testng.internal.invokers.MethodInvocationHelper.invokeMethod(MethodInvocationHelper.java:139)
at org.testng.internal.invokers.TestInvoker.invokeMethod(TestInvoker.java:677)
at org.testng.internal.invokers.TestInvoker.invokeTestMethod(TestInvoker.java:221)
at org.testng.internal.invokers.MethodRunner.runInSequence(MethodRunner.java:50)
at org.testng.internal.invokers.TestInvoker$MethodInvocationAgent.invoke(TestInvoker.java:962)
at org.testng.internal.invokers.TestInvoker.invokeTestMethods(TestInvoker.java:194)
at org.testng.internal.invokers.TestMethodWorker.invokeTestMethods(TestMethodWorker.java:148)
at org.testng.internal.invokers.TestMethodWorker.run(TestMethodWorker.java:128)
at java.base/java.util.ArrayList.forEach(ArrayList.java:1511)
at org.testng.TestRunner.privateRun(TestRunner.java:806)
at org.testng.TestRunner.run(TestRunner.java:601)
at org.testng.SuiteRunner.runTest(SuiteRunner.java:433)
at org.testng.SuiteRunner.runSequentially(SuiteRunner.java:427)
at org.testng.SuiteRunner.privateRun(SuiteRunner.java:387)
at org.testng.SuiteRunner.run(SuiteRunner.java:330)
at org.testng.SuiteRunnerWorker.runSuite(SuiteRunnerWorker.java:52)
at org.testng.SuiteRunnerWorker.run(SuiteRunnerWorker.java:95)
at org.testng.TestNG.runSuitesSequentially(TestNG.java:1256)
at org.testng.TestNG.runSuitesLocally(TestNG.java:1176)
at org.testng.TestNG.runSuites(TestNG.java:1099)
at org.testng.TestNG.run(TestNG.java:1067)
at org.testng.remote.AbstractRemoteTestNG.run(AbstractRemoteTestNG.java:115)
at org.testng.remote.RemoteTestNG.initAndRun(RemoteTestNG.java:251)
at org.testng.remote.RemoteTestNG.main(RemoteTestNG.java:77)
]]>
            </full-stacktrace>
          </exception> <!-- org.openqa.selenium.NoSuchElementException -->
          <reporter-output>
          </reporter-output>
        </test-method> <!-- taskReviewRDIF -->
        <test-method is-config="true" signature="getResult(org.testng.ITestResult)[pri:0, instance:tests.ReviewRDIF@909217e]" started-at="2022-12-16T06:45:35 UTC" name="getResult" finished-at="2022-12-16T06:45:36 UTC" duration-ms="301" status="PASS">
          <params>
            <param index="0">
              <value>
                <![CDATA[[TestResult name=taskReviewRDIF status=FAILURE method=ReviewRDIF.taskReviewRDIF()[pri:0, instance:tests.ReviewRDIF@909217e] output={null}]]]>
              </value>
            </param>
          </params>
          <reporter-output>
          </reporter-output>
        </test-method> <!-- getResult -->
      </class> <!-- tests.ReviewRDIF -->
    </test> <!-- Review RDIF -->
    <test started-at="2022-12-16T06:45:36 UTC" name="SRF" finished-at="2022-12-16T06:47:01 UTC" duration-ms="84898">
      <class name="tests.SurveyRequestForm">
        <test-method is-config="true" signature="beforeSuite()[pri:0, instance:tests.SurveyRequestForm@5e2c3d18]" started-at="2022-12-16T06:43:08 UTC" name="beforeSuite" finished-at="2022-12-16T06:43:08 UTC" duration-ms="485" status="PASS">
          <reporter-output>
          </reporter-output>
        </test-method> <!-- beforeSuite -->
        <test-method is-config="true" signature="setUp()[pri:0, instance:tests.SurveyRequestForm@5e2c3d18]" started-at="2022-12-16T06:45:36 UTC" name="setUp" finished-at="2022-12-16T06:45:43 UTC" duration-ms="7005" status="PASS">
          <reporter-output>
          </reporter-output>
        </test-method> <!-- setUp -->
        <test-method is-config="true" signature="beforeTest()[pri:0, instance:tests.SurveyRequestForm@5e2c3d18]" started-at="2022-12-16T06:45:43 UTC" name="beforeTest" finished-at="2022-12-16T06:45:43 UTC" duration-ms="4" status="PASS">
          <reporter-output>
          </reporter-output>
        </test-method> <!-- beforeTest -->
        <test-method signature="taskSurveyRequest()[pri:0, instance:tests.SurveyRequestForm@5e2c3d18]" started-at="2022-12-16T06:45:43 UTC" name="taskSurveyRequest" finished-at="2022-12-16T06:47:00 UTC" duration-ms="77428" status="PASS">
          <reporter-output>
          </reporter-output>
        </test-method> <!-- taskSurveyRequest -->
        <test-method is-config="true" signature="getResult(org.testng.ITestResult)[pri:0, instance:tests.SurveyRequestForm@5e2c3d18]" started-at="2022-12-16T06:47:00 UTC" name="getResult" finished-at="2022-12-16T06:47:01 UTC" duration-ms="454" status="PASS">
          <params>
            <param index="0">
              <value>
                <![CDATA[[TestResult name=taskSurveyRequest status=SUCCESS method=SurveyRequestForm.taskSurveyRequest()[pri:0, instance:tests.SurveyRequestForm@5e2c3d18] output={null}]]]>
              </value>
            </param>
          </params>
          <reporter-output>
          </reporter-output>
        </test-method> <!-- getResult -->
        <test-method is-config="true" signature="afterSuite()[pri:0, instance:tests.SurveyRequestForm@5e2c3d18]" started-at="2022-12-16T06:47:01 UTC" name="afterSuite" finished-at="2022-12-16T06:47:01 UTC" duration-ms="443" status="PASS">
          <reporter-output>
          </reporter-output>
        </test-method> <!-- afterSuite -->
      </class> <!-- tests.SurveyRequestForm -->
    </test> <!-- SRF -->
  </suite> <!-- Suite -->
</testng-results>
